2020-04-08 15:56:36:manager:<INFO> 1 files is loaded from public_data/open_data_raw_material_price/origin/csv/201908.csv in s3 'production-bobsim'
2020-04-08 15:57:25:manager:<INFO> 1 files is loaded from public_data/open_data_raw_material_price/origin/csv/201908.csv in s3 'production-bobsim'
2020-04-08 16:00:00:manager:<INFO> 1 files is loaded from public_data/open_data_raw_material_price/origin/csv/201908.csv in s3 'production-bobsim'
2020-04-08 16:00:20:manager:<INFO> 1 files is loaded from public_data/open_data_raw_material_price/origin/csv/201908.csv in s3 'production-bobsim'
2020-04-08 16:39:41:manager:<INFO> 1 files is loaded from public_data/open_data_raw_material_price/origin/csv/201908.csv in s3 'production-bobsim'
2020-04-08 16:41:13:manager:<INFO> 1 files is loaded from public_data/open_data_raw_material_price/origin/csv/201908.csv in s3 'production-bobsim'
2020-04-08 21:37:09:manager:<INFO> 1 files is loaded from public_data/open_data_raw_material_price/origin/csv/201908.csv in s3 'production-bobsim'
2020-04-08 21:37:09:core:<INFO> missing values: 
 None
2020-04-08 21:37:13:manager:<INFO> 1 files is loaded from public_data/open_data_terrestrial_weather/origin/csv/2014-2020.csv in s3 'production-bobsim'
2020-04-08 21:37:14:manager:<INFO> 1 files is loaded from public_data/open_data_marine_weather/origin/csv/2014-2020.csv in s3 'production-bobsim'
2020-04-08 22:23:20:manager:<INFO> 1 files is loaded from public_data/open_data_terrestrial_weather/origin/csv/2014-2020.csv in s3 'production-bobsim'
2020-04-08 22:23:21:manager:<INFO> 1 files is loaded from public_data/open_data_marine_weather/origin/csv/2014-2020.csv in s3 'production-bobsim'
2020-04-08 22:23:23:manager:<INFO> 1 files is loaded from public_data/open_data_terrestrial_weather/origin/csv/2014-2020.csv in s3 'production-bobsim'
2020-04-08 22:23:24:manager:<INFO> 1 files is loaded from public_data/open_data_marine_weather/origin/csv/2014-2020.csv in s3 'production-bobsim'
2020-04-08 23:13:58:manager:<INFO> 1 files is loaded from public_data/open_data_raw_material_price/origin/csv/201908.csv in s3 'production-bobsim'
2020-04-08 23:17:14:manager:<INFO> 1 files is loaded from public_data/open_data_raw_material_price/origin/csv/201908.csv in s3 'production-bobsim'
2020-04-08 23:17:14:core:<INFO> missing values: 
 None
2020-04-08 23:17:41:manager:<INFO> 1 files is loaded from public_data/open_data_raw_material_price/origin/csv/201908.csv in s3 'production-bobsim'
2020-04-08 23:17:41:core:<INFO> missing values: 
 None
2020-04-08 23:33:34:manager:<INFO> 1 files is loaded from public_data/open_data_raw_material_price/origin/csv/201908.csv in s3 'production-bobsim'
2020-04-08 23:33:34:core:<INFO> missing values: 
 None
2020-04-08 23:35:24:manager:<INFO> 1 files is loaded from public_data/open_data_raw_material_price/origin/csv/201908.csv in s3 'production-bobsim'
2020-04-08 23:35:25:core:<INFO> missing values: 
 None
2020-04-08 23:35:51:manager:<INFO> 1 files is loaded from public_data/open_data_raw_material_price/origin/csv/201908.csv in s3 'production-bobsim'
2020-04-08 23:35:52:core:<INFO> missing values: 
 None
2020-04-08 23:35:52:manager:<INFO> 1 files is loaded from public_data/open_data_raw_material_price/process/csv/201908.csv in s3 'production-bobsim'
2020-04-09 00:34:22:manager:<INFO> 1 files is loaded from public_data/open_data_raw_material_price/origin/csv/201908.csv in s3 'production-bobsim'
2020-04-09 00:34:22:core:<INFO> missing values: 
 None
2020-04-09 00:34:23:manager:<INFO> 1 files is loaded from public_data/open_data_raw_material_price/process/csv/201908.csv in s3 'production-bobsim'
2020-04-09 00:35:13:manage:<INFO> 1 files is loaded from public_data/open_data_raw_material_price/origin/csv/201908.csv in s3 'production-bobsim'
2020-04-09 00:35:13:core:<INFO> missing values: 
 None
2020-04-09 00:35:14:manage:<INFO> 1 files is loaded from public_data/open_data_raw_material_price/process/csv/201908.csv in s3 'production-bobsim'
2020-04-09 00:36:49:manage:<INFO> success to save 'food_material_price_predict_model/image/log_price_hist.png' in s3 'production-bobsim'
2020-04-09 00:49:09:manager:<INFO> 1 files is loaded from public_data/open_data_raw_material_price/origin/csv/201908.csv in s3 'production-bobsim'
2020-04-09 00:49:10:core:<INFO> missing values: 
 None
2020-04-09 00:49:13:manager:<INFO> 1 files is loaded from public_data/open_data_terrestrial_weather/origin/csv/2014-2020.csv in s3 'production-bobsim'
2020-04-09 00:49:14:manager:<INFO> 1 files is loaded from public_data/open_data_marine_weather/origin/csv/2014-2020.csv in s3 'production-bobsim'
2020-04-09 00:53:34:manager:<INFO> 1 files is loaded from public_data/open_data_raw_material_price/origin/csv/201908.csv in s3 'production-bobsim'
2020-04-09 00:53:34:core:<INFO> missing values: 
 None
2020-04-09 00:53:38:manager:<INFO> 1 files is loaded from public_data/open_data_terrestrial_weather/origin/csv/2014-2020.csv in s3 'production-bobsim'
2020-04-09 00:53:39:manager:<INFO> 1 files is loaded from public_data/open_data_marine_weather/origin/csv/2014-2020.csv in s3 'production-bobsim'
2020-04-09 02:02:43:manage:<INFO> 1 files is loaded from public_data/open_data_raw_material_price/origin/csv/201908.csv in s3 'production-bobsim'
2020-04-09 02:02:43:core:<INFO> missing values: 
 None
2020-04-09 02:02:44:manage:<INFO> 1 files is loaded from public_data/open_data_raw_material_price/process/csv/201908.csv in s3 'production-bobsim'
2020-04-09 02:03:45:manager:<INFO> 1 files is loaded from public_data/open_data_raw_material_price/origin/csv/201908.csv in s3 'production-bobsim'
2020-04-09 02:06:05:manage:<INFO> 1 files is loaded from public_data/open_data_raw_material_price/origin/csv/201908.csv in s3 'production-bobsim'
2020-04-09 02:06:05:core:<INFO> missing values: 
 None
2020-04-09 02:06:06:manage:<INFO> 1 files is loaded from public_data/open_data_raw_material_price/process/csv/201908.csv in s3 'production-bobsim'
2020-04-09 02:07:35:manage:<INFO> 1 files is loaded from public_data/open_data_raw_material_price/origin/csv/201908.csv in s3 'production-bobsim'
2020-04-09 02:07:35:core:<INFO> missing values: 
 None
2020-04-09 02:07:36:manage:<INFO> 1 files is loaded from public_data/open_data_raw_material_price/process/csv/201908.csv in s3 'production-bobsim'
2020-04-09 02:07:53:manage:<INFO> 1 files is loaded from public_data/open_data_raw_material_price/origin/csv/201908.csv in s3 'production-bobsim'
2020-04-09 02:07:53:core:<INFO> missing values: 
 None
2020-04-09 02:07:55:manage:<INFO> 1 files is loaded from public_data/open_data_raw_material_price/process/csv/201908.csv in s3 'production-bobsim'
2020-04-09 02:19:52:manage:<INFO> 1 files is loaded from public_data/open_data_raw_material_price/origin/csv/201908.csv in s3 'production-bobsim'
2020-04-09 02:19:53:core:<INFO> missing values: 
 None
2020-04-09 02:19:53:manage:<INFO> 1 files is loaded from public_data/open_data_raw_material_price/process/csv/201908.csv in s3 'production-bobsim'
2020-04-09 02:34:48:manage:<INFO> 1 files is loaded from public_data/open_data_raw_material_price/origin/csv/201908.csv in s3 'production-bobsim'
2020-04-09 03:08:46:manager:<INFO> 1 files is loaded from public_data/open_data_terrestrial_weather/origin/csv/2014-2020.csv in s3 'production-bobsim'
2020-04-09 03:08:49:manager:<INFO> 1 files is loaded from public_data/open_data_marine_weather/origin/csv/2014-2020.csv in s3 'production-bobsim'
2020-04-09 03:09:13:manager:<INFO> 1 files is loaded from public_data/open_data_terrestrial_weather/origin/csv/2014-2020.csv in s3 'production-bobsim'
2020-04-09 03:09:16:manager:<INFO> 1 files is loaded from public_data/open_data_marine_weather/origin/csv/2014-2020.csv in s3 'production-bobsim'
2020-04-09 03:16:50:manage:<INFO> 1 files is loaded from public_data/open_data_raw_material_price/origin/csv/201908.csv in s3 'production-bobsim'
2020-04-09 03:16:50:core:<INFO> missing values: 
 None
2020-04-09 03:17:04:manage:<INFO> 1 files is loaded from public_data/open_data_terrestrial_weather/origin/csv/2014-2020.csv in s3 'production-bobsim'
2020-04-09 03:17:08:manage:<INFO> 1 files is loaded from public_data/open_data_marine_weather/origin/csv/2014-2020.csv in s3 'production-bobsim'
2020-04-09 03:19:25:manage:<INFO> 1 files is loaded from public_data/open_data_raw_material_price/origin/csv/201908.csv in s3 'production-bobsim'
2020-04-09 03:19:25:core:<INFO> missing values: 
 None
2020-04-09 03:19:28:manage:<INFO> 1 files is loaded from public_data/open_data_terrestrial_weather/origin/csv/2014-2020.csv in s3 'production-bobsim'
2020-04-09 03:19:30:manage:<INFO> 1 files is loaded from public_data/open_data_marine_weather/origin/csv/2014-2020.csv in s3 'production-bobsim'
2020-04-09 03:20:49:manager:<INFO> 1 files is loaded from public_data/open_data_terrestrial_weather/origin/csv/2014-2020.csv in s3 'production-bobsim'
2020-04-09 03:20:50:manager:<INFO> 1 files is loaded from public_data/open_data_marine_weather/origin/csv/2014-2020.csv in s3 'production-bobsim'
2020-04-09 03:20:53:manager:<INFO> 1 files is loaded from public_data/open_data_terrestrial_weather/origin/csv/2014-2020.csv in s3 'production-bobsim'
2020-04-09 03:20:55:manager:<INFO> 1 files is loaded from public_data/open_data_marine_weather/origin/csv/2014-2020.csv in s3 'production-bobsim'
2020-04-09 03:21:31:manage:<INFO> 1 files is loaded from public_data/open_data_terrestrial_weather/origin/csv/2014-2020.csv in s3 'production-bobsim'
2020-04-09 03:21:32:manage:<INFO> 1 files is loaded from public_data/open_data_marine_weather/origin/csv/2014-2020.csv in s3 'production-bobsim'
2020-04-09 03:21:37:manage:<INFO> 1 files is loaded from public_data/open_data_terrestrial_weather/origin/csv/2014-2020.csv in s3 'production-bobsim'
2020-04-09 03:21:38:manage:<INFO> 1 files is loaded from public_data/open_data_marine_weather/origin/csv/2014-2020.csv in s3 'production-bobsim'
2020-04-09 03:22:20:manage:<INFO> 1 files is loaded from public_data/open_data_raw_material_price/origin/csv/201908.csv in s3 'production-bobsim'
2020-04-09 03:22:20:core:<INFO> missing values: 
 None
2020-04-09 03:22:23:manage:<INFO> 1 files is loaded from public_data/open_data_terrestrial_weather/origin/csv/2014-2020.csv in s3 'production-bobsim'
2020-04-09 03:22:25:manage:<INFO> 1 files is loaded from public_data/open_data_marine_weather/origin/csv/2014-2020.csv in s3 'production-bobsim'
2020-04-09 03:37:32:manager:<INFO> 1 files is loaded from public_data/open_data_raw_material_price/origin/csv/201908.csv in s3 'production-bobsim'
2020-04-09 03:37:32:core:<INFO> missing values: 
 None
2020-04-09 03:37:34:manager:<INFO> 1 files is loaded from public_data/open_data_terrestrial_weather/origin/csv/2014-2020.csv in s3 'production-bobsim'
2020-04-09 03:37:36:manager:<INFO> 1 files is loaded from public_data/open_data_marine_weather/origin/csv/2014-2020.csv in s3 'production-bobsim'
2020-04-09 04:30:37:manage:<INFO> 1 files is loaded from public_data/open_data_raw_material_price/origin/csv/201908.csv in s3 'production-bobsim'
2020-04-09 04:30:37:core:<INFO> missing values: 
 None
2020-04-09 04:30:40:manage:<INFO> 1 files is loaded from public_data/open_data_terrestrial_weather/origin/csv/2014-2020.csv in s3 'production-bobsim'
2020-04-09 04:30:41:manage:<INFO> 1 files is loaded from public_data/open_data_marine_weather/origin/csv/2014-2020.csv in s3 'production-bobsim'
2020-04-09 04:31:06:manage:<INFO> 1 files is loaded from public_data/open_data_raw_material_price/origin/csv/201908.csv in s3 'production-bobsim'
2020-04-09 04:31:06:core:<INFO> missing values: 
 None
2020-04-09 04:31:09:manage:<INFO> 1 files is loaded from public_data/open_data_terrestrial_weather/origin/csv/2014-2020.csv in s3 'production-bobsim'
2020-04-09 04:31:10:manage:<INFO> 1 files is loaded from public_data/open_data_marine_weather/origin/csv/2014-2020.csv in s3 'production-bobsim'
2020-04-09 04:31:11:manage:<INFO> 1 files is loaded from public_data/open_data_raw_material_price/process/csv/201908.csv in s3 'production-bobsim'
2020-04-09 04:31:12:manage:<INFO> 1 files is loaded from public_data/open_data_terrestrial_weather/process/csv/201908.csv in s3 'production-bobsim'
2020-04-09 04:31:12:manage:<INFO> 1 files is loaded from public_data/open_data_marine_weather/process/csv/201908.csv in s3 'production-bobsim'
