2020-04-09 01:26:25:main:<INFO> force to do data pipeline for raw material price
2020-04-09 01:27:14:manage:<INFO> 1 files is loaded from public_data/open_data_raw_material_price/origin/csv/201908.csv in s3 'production-bobsim'
2020-04-09 01:27:15:core:<INFO> missing values: 
 None
2020-04-09 01:27:15:manage:<INFO> success to save 'food_material_price_predict_model/image/origin_price_hist.png' in s3 'production-bobsim'
2020-04-09 01:27:15:core:<INFO> price's mean: 1897.648156567356, std: 2528.3476699005228
2020-04-09 01:27:15:manage:<INFO> success to save 'food_material_price_predict_model/image/stdized_price_hist.png' in s3 'production-bobsim'
2020-04-09 01:27:16:manage:<INFO> success to save 'food_material_price_predict_model/price_(mean,std).pkl' in s3 'production-bobsim'
2020-04-09 01:27:41:manage:<INFO> success to save 'public_data/open_data_raw_material_price/process/csv/201908.csv' in s3 'production-bobsim'
2020-04-09 01:27:41:core:<INFO> success to process raw material price
2020-04-09 01:27:50:manage:<INFO> 1 files is loaded from public_data/open_data_raw_material_price/process/csv/201908.csv in s3 'production-bobsim'
2020-04-09 01:27:50:core:<CRITICAL> build_process_weather() got an unexpected keyword argument 'bucket_name'
Traceback (most recent call last):
  File "C:\BOBSIM\production-bobsim-python\src\main\python\model_pipeline\food_material_price\core.py", line 70, in process
    date=date, pipe_data=pipe_data
  File "C:\BOBSIM\production-bobsim-python\src\main\python\util\build_dataset.py", line 107, in build_master
    return build_process_fmp(bucket_name=bucket_name, date=date, process=pipe_data)
  File "C:\BOBSIM\production-bobsim-python\src\main\python\util\build_dataset.py", line 55, in build_process_fmp
    weather, w_key = build_process_weather(bucket_name=bucket_name, date=date, process=process)
TypeError: build_process_weather() got an unexpected keyword argument 'bucket_name'
2020-04-09 01:28:32:main:<INFO> force to do data pipeline for raw material price
2020-04-09 01:28:35:manage:<INFO> 1 files is loaded from public_data/open_data_raw_material_price/origin/csv/201908.csv in s3 'production-bobsim'
2020-04-09 01:28:36:core:<INFO> missing values: 
 None
2020-04-09 01:28:36:manage:<INFO> success to save 'food_material_price_predict_model/image/origin_price_hist.png' in s3 'production-bobsim'
2020-04-09 01:28:36:core:<INFO> price's mean: 1897.648156567356, std: 2528.3476699005228
2020-04-09 01:28:37:manage:<INFO> success to save 'food_material_price_predict_model/image/stdized_price_hist.png' in s3 'production-bobsim'
2020-04-09 01:28:37:manage:<INFO> success to save 'food_material_price_predict_model/price_(mean,std).pkl' in s3 'production-bobsim'
2020-04-09 01:28:38:manage:<INFO> success to save 'public_data/open_data_raw_material_price/process/csv/201908.csv' in s3 'production-bobsim'
2020-04-09 01:28:38:core:<INFO> success to process raw material price
2020-04-09 01:28:39:manage:<INFO> 1 files is loaded from public_data/open_data_raw_material_price/process/csv/201908.csv in s3 'production-bobsim'
2020-04-09 01:28:39:main:<INFO> force to do data pipeline for terrestrial weather
2020-04-09 01:28:42:manage:<INFO> 1 files is loaded from public_data/open_data_terrestrial_weather/origin/csv/2014-2020.csv in s3 'production-bobsim'
2020-04-09 01:28:43:manage:<INFO> success to save 'public_data/open_data_terrestrial_weather/process/csv/201908.csv' in s3 'production-bobsim'
2020-04-09 01:28:43:core:<INFO> success to process terrestrial weather
2020-04-09 01:28:43:manage:<INFO> 1 files is loaded from public_data/open_data_terrestrial_weather/process/csv/201908.csv in s3 'production-bobsim'
2020-04-09 01:28:43:main:<INFO> force to do data pipeline for marine weather
2020-04-09 01:28:44:manage:<INFO> 1 files is loaded from public_data/open_data_marine_weather/origin/csv/2014-2020.csv in s3 'production-bobsim'
2020-04-09 01:28:45:manage:<INFO> success to save 'public_data/open_data_marine_weather/process/csv/201908.csv' in s3 'production-bobsim'
2020-04-09 01:28:45:core:<INFO> success to process marine weather
2020-04-09 01:28:45:manage:<INFO> 1 files is loaded from public_data/open_data_marine_weather/process/csv/201908.csv in s3 'production-bobsim'
2020-04-09 01:29:09:core:<INFO> tuned params are {'alpha': 0.0001, 'l1_ratio': 0.9, 'max_iter': 10}
2020-04-09 01:29:09:core:<INFO> coef:
                                    0
standard_item_name_갈치류       1.117444
standard_item_name_감자       -0.663454
standard_item_name_건가공(포)류   1.635828
standard_item_name_건가공(해조)류 -0.628790
standard_item_name_건제품      -0.388071
...                               ...
m_sign_wave_h_avg           -0.000000
m_sign_wave_h_high          -0.000000
m_max_wave_h_high           -0.000120
m_wave_p_high                0.000000
m_wind_spd_avg              -0.000000

[115 rows x 1 columns]
2020-04-09 01:29:09:core:<INFO> customized RMSE is 847.1730865351242
2020-04-09 01:29:10:manage:<INFO> success to save 'food_material_price_predict_model/coef.csv' in s3 'production-bobsim'
2020-04-09 01:29:10:manage:<INFO> success to save 'food_material_price_predict_model/model.pkl' in s3 'production-bobsim'
